app/build/intermediates/manifest_merge_blame_file/debug/manifest-merger-blame-debug-report.txt
1<?xml version="1.0" encoding="utf-8"?>
2<manifest xmlns:android="http://schemas.android.com/apk/res/android"
3    package="ru.mirea_.rybina_iboldova.project_md"
4    android:versionCode="1"
5    android:versionName="1.0" >
6
7    <uses-sdk
8        android:minSdkVersion="26"
9        android:targetSdkVersion="34" />
10
11    <uses-permission android:name="android.permission.INTERNET" />
11-->src\main\AndroidManifest.xml:4:5-66
11-->src\main\AndroidManifest.xml:4:22-64
12    <uses-permission android:name="android.permission.ACCESS_NETWORK_STATE" />
12-->[com.google.firebase:firebase-messaging:24.0.0] AndroidManifest.xml:22:5-79
12-->[com.google.firebase:firebase-messaging:24.0.0] AndroidManifest.xml:22:22-76
13    <uses-permission android:name="android.permission.POST_NOTIFICATIONS" />
13-->[com.google.firebase:firebase-messaging:24.0.0] AndroidManifest.xml:23:5-77
13-->[com.google.firebase:firebase-messaging:24.0.0] AndroidManifest.xml:23:22-74
14    <uses-permission android:name="android.permission.WAKE_LOCK" /> <!-- Required by older versions of Google Play services to create IID tokens -->
14-->[com.google.firebase:firebase-messaging:24.0.0] AndroidManifest.xml:24:5-68
14-->[com.google.firebase:firebase-messaging:24.0.0] AndroidManifest.xml:24:22-65
15    <uses-permission android:name="com.google.android.c2dm.permission.RECEIVE" />
15-->[com.google.firebase:firebase-messaging:24.0.0] AndroidManifest.xml:26:5-82
15-->[com.google.firebase:firebase-messaging:24.0.0] AndroidManifest.xml:26:22-79
16    <uses-permission android:name="com.google.android.providers.gsf.permission.READ_GSERVICES" />
16-->[com.google.android.recaptcha:recaptcha:18.4.0] AndroidManifest.xml:9:5-98
16-->[com.google.android.recaptcha:recaptcha:18.4.0] AndroidManifest.xml:9:22-95
17
18    <permission
18-->[androidx.core:core:1.13.0] AndroidManifest.xml:22:5-24:47
19        android:name="ru.mirea_.rybina_iboldova.project_md.DYNAMIC_RECEIVER_NOT_EXPORTED_PERMISSION"
19-->[androidx.core:core:1.13.0] AndroidManifest.xml:23:9-81
20        android:protectionLevel="signature" />
20-->[androidx.core:core:1.13.0] AndroidManifest.xml:24:9-44
21
22    <uses-permission android:name="ru.mirea_.rybina_iboldova.project_md.DYNAMIC_RECEIVER_NOT_EXPORTED_PERMISSION" />
22-->[androidx.core:core:1.13.0] AndroidManifest.xml:26:5-97
22-->[androidx.core:core:1.13.0] AndroidManifest.xml:26:22-94
23
24    <application
24-->src\main\AndroidManifest.xml:5:5-42:19
25        android:allowBackup="true"
25-->src\main\AndroidManifest.xml:6:9-35
26        android:appComponentFactory="androidx.core.app.CoreComponentFactory"
26-->[androidx.core:core:1.13.0] AndroidManifest.xml:28:18-86
27        android:dataExtractionRules="@xml/data_extraction_rules"
27-->src\main\AndroidManifest.xml:7:9-65
28        android:debuggable="true"
29        android:extractNativeLibs="false"
30        android:fullBackupContent="@xml/backup_rules"
30-->src\main\AndroidManifest.xml:8:9-54
31        android:icon="@mipmap/ic_launcher"
31-->src\main\AndroidManifest.xml:9:9-43
32        android:label="@string/app_name"
32-->src\main\AndroidManifest.xml:10:9-41
33        android:roundIcon="@mipmap/ic_launcher_round"
33-->src\main\AndroidManifest.xml:11:9-54
34        android:supportsRtl="true"
34-->src\main\AndroidManifest.xml:12:9-35
35        android:testOnly="true"
36        android:theme="@style/Theme.Project_MD" >
36-->src\main\AndroidManifest.xml:13:9-48
37        <activity
37-->src\main\AndroidManifest.xml:15:9-17:40
38            android:name="ru.mirea_.rybina_iboldova.project_md.MainActivity2"
38-->src\main\AndroidManifest.xml:16:13-42
39            android:exported="false" />
39-->src\main\AndroidManifest.xml:17:13-37
40        <activity
40-->src\main\AndroidManifest.xml:18:9-20:40
41            android:name="ru.mirea_.rybina_iboldova.project_md.SignUpActivity"
41-->src\main\AndroidManifest.xml:19:13-43
42            android:exported="false" />
42-->src\main\AndroidManifest.xml:20:13-37
43        <activity
43-->src\main\AndroidManifest.xml:21:9-29:20
44            android:name="ru.mirea_.rybina_iboldova.project_md.MainActivity"
44-->src\main\AndroidManifest.xml:22:13-41
45            android:exported="true" >
45-->src\main\AndroidManifest.xml:23:13-36
46            <intent-filter>
46-->src\main\AndroidManifest.xml:24:13-28:29
47                <action android:name="android.intent.action.MAIN" />
47-->src\main\AndroidManifest.xml:25:17-69
47-->src\main\AndroidManifest.xml:25:25-66
48
49                <category android:name="android.intent.category.LAUNCHER" />
49-->src\main\AndroidManifest.xml:27:17-77
49-->src\main\AndroidManifest.xml:27:27-74
50            </intent-filter>
51        </activity>
52
53        <meta-data
53-->src\main\AndroidManifest.xml:31:9-33:57
54            android:name="preloaded_fonts"
54-->src\main\AndroidManifest.xml:32:13-43
55            android:resource="@array/preloaded_fonts" />
55-->src\main\AndroidManifest.xml:33:13-54
56
57        <service
57-->src\main\AndroidManifest.xml:34:9-40:19
58            android:name="ru.mirea_.rybina_iboldova.project_md.SignUpActivity"
58-->src\main\AndroidManifest.xml:35:13-43
59            android:exported="true" >
59-->src\main\AndroidManifest.xml:36:13-36
60            <intent-filter>
60-->src\main\AndroidManifest.xml:37:13-39:29
61                <action android:name="com.google.firebase.MESSAGING_EVENT" />
61-->src\main\AndroidManifest.xml:38:17-77
61-->src\main\AndroidManifest.xml:38:25-75
62            </intent-filter>
63        </service>
64
65        <receiver
65-->[com.google.firebase:firebase-messaging:24.0.0] AndroidManifest.xml:29:9-40:20
66            android:name="com.google.firebase.iid.FirebaseInstanceIdReceiver"
66-->[com.google.firebase:firebase-messaging:24.0.0] AndroidManifest.xml:30:13-78
67            android:exported="true"
67-->[com.google.firebase:firebase-messaging:24.0.0] AndroidManifest.xml:31:13-36
68            android:permission="com.google.android.c2dm.permission.SEND" >
68-->[com.google.firebase:firebase-messaging:24.0.0] AndroidManifest.xml:32:13-73
69            <intent-filter>
69-->[com.google.firebase:firebase-messaging:24.0.0] AndroidManifest.xml:33:13-35:29
70                <action android:name="com.google.android.c2dm.intent.RECEIVE" />
70-->[com.google.firebase:firebase-messaging:24.0.0] AndroidManifest.xml:34:17-81
70-->[com.google.firebase:firebase-messaging:24.0.0] AndroidManifest.xml:34:25-78
71            </intent-filter>
72
73            <meta-data
73-->[com.google.firebase:firebase-messaging:24.0.0] AndroidManifest.xml:37:13-39:40
74                android:name="com.google.android.gms.cloudmessaging.FINISHED_AFTER_HANDLED"
74-->[com.google.firebase:firebase-messaging:24.0.0] AndroidManifest.xml:38:17-92
75                android:value="true" />
75-->[com.google.firebase:firebase-messaging:24.0.0] AndroidManifest.xml:39:17-37
76        </receiver>
77        <!--
78             FirebaseMessagingService performs security checks at runtime,
79             but set to not exported to explicitly avoid allowing another app to call it.
80        -->
81        <service
81-->[com.google.firebase:firebase-messaging:24.0.0] AndroidManifest.xml:46:9-53:19
82            android:name="com.google.firebase.messaging.FirebaseMessagingService"
82-->[com.google.firebase:firebase-messaging:24.0.0] AndroidManifest.xml:47:13-82
83            android:directBootAware="true"
83-->[com.google.firebase:firebase-messaging:24.0.0] AndroidManifest.xml:48:13-43
84            android:exported="false" >
84-->[com.google.firebase:firebase-messaging:24.0.0] AndroidManifest.xml:49:13-37
85            <intent-filter android:priority="-500" >
85-->src\main\AndroidManifest.xml:37:13-39:29
86                <action android:name="com.google.firebase.MESSAGING_EVENT" />
86-->src\main\AndroidManifest.xml:38:17-77
86-->src\main\AndroidManifest.xml:38:25-75
87            </intent-filter>
88        </service>
89        <service
89-->[com.google.firebase:firebase-messaging:24.0.0] AndroidManifest.xml:54:9-63:19
90            android:name="com.google.firebase.components.ComponentDiscoveryService"
90-->[com.google.firebase:firebase-messaging:24.0.0] AndroidManifest.xml:55:13-84
91            android:directBootAware="true"
91-->[com.google.firebase:firebase-common:21.0.0] AndroidManifest.xml:32:13-43
92            android:exported="false" >
92-->[com.google.firebase:firebase-messaging:24.0.0] AndroidManifest.xml:56:13-37
93            <meta-data
93-->[com.google.firebase:firebase-messaging:24.0.0] AndroidManifest.xml:57:13-59:85
94                android:name="com.google.firebase.components:com.google.firebase.messaging.FirebaseMessagingKtxRegistrar"
94-->[com.google.firebase:firebase-messaging:24.0.0] AndroidManifest.xml:58:17-122
95                android:value="com.google.firebase.components.ComponentRegistrar" />
95-->[com.google.firebase:firebase-messaging:24.0.0] AndroidManifest.xml:59:17-82
96            <meta-data
96-->[com.google.firebase:firebase-messaging:24.0.0] AndroidManifest.xml:60:13-62:85
97                android:name="com.google.firebase.components:com.google.firebase.messaging.FirebaseMessagingRegistrar"
97-->[com.google.firebase:firebase-messaging:24.0.0] AndroidManifest.xml:61:17-119
98                android:value="com.google.firebase.components.ComponentRegistrar" />
98-->[com.google.firebase:firebase-messaging:24.0.0] AndroidManifest.xml:62:17-82
99            <meta-data
99-->[com.google.firebase:firebase-auth:23.0.0] AndroidManifest.xml:69:13-71:85
100                android:name="com.google.firebase.components:com.google.firebase.auth.FirebaseAuthRegistrar"
100-->[com.google.firebase:firebase-auth:23.0.0] AndroidManifest.xml:70:17-109
101                android:value="com.google.firebase.components.ComponentRegistrar" />
101-->[com.google.firebase:firebase-auth:23.0.0] AndroidManifest.xml:71:17-82
102            <meta-data
102-->[com.google.firebase:firebase-database:21.0.0] AndroidManifest.xml:29:13-31:85
103                android:name="com.google.firebase.components:com.google.firebase.database.FirebaseDatabaseKtxRegistrar"
103-->[com.google.firebase:firebase-database:21.0.0] AndroidManifest.xml:30:17-120
104                android:value="com.google.firebase.components.ComponentRegistrar" />
104-->[com.google.firebase:firebase-database:21.0.0] AndroidManifest.xml:31:17-82
105            <meta-data
105-->[com.google.firebase:firebase-database:21.0.0] AndroidManifest.xml:32:13-34:85
106                android:name="com.google.firebase.components:com.google.firebase.database.DatabaseRegistrar"
106-->[com.google.firebase:firebase-database:21.0.0] AndroidManifest.xml:33:17-109
107                android:value="com.google.firebase.components.ComponentRegistrar" />
107-->[com.google.firebase:firebase-database:21.0.0] AndroidManifest.xml:34:17-82
108            <meta-data
108-->[com.google.firebase:firebase-installations:17.2.0] AndroidManifest.xml:15:13-17:85
109                android:name="com.google.firebase.components:com.google.firebase.installations.FirebaseInstallationsKtxRegistrar"
109-->[com.google.firebase:firebase-installations:17.2.0] AndroidManifest.xml:16:17-130
110                android:value="com.google.firebase.components.ComponentRegistrar" />
110-->[com.google.firebase:firebase-installations:17.2.0] AndroidManifest.xml:17:17-82
111            <meta-data
111-->[com.google.firebase:firebase-installations:17.2.0] AndroidManifest.xml:18:13-20:85
112                android:name="com.google.firebase.components:com.google.firebase.installations.FirebaseInstallationsRegistrar"
112-->[com.google.firebase:firebase-installations:17.2.0] AndroidManifest.xml:19:17-127
113                android:value="com.google.firebase.components.ComponentRegistrar" />
113-->[com.google.firebase:firebase-installations:17.2.0] AndroidManifest.xml:20:17-82
114            <meta-data
114-->[com.google.firebase:firebase-common-ktx:21.0.0] AndroidManifest.xml:12:13-14:85
115                android:name="com.google.firebase.components:com.google.firebase.ktx.FirebaseCommonLegacyRegistrar"
115-->[com.google.firebase:firebase-common-ktx:21.0.0] AndroidManifest.xml:13:17-116
116                android:value="com.google.firebase.components.ComponentRegistrar" />
116-->[com.google.firebase:firebase-common-ktx:21.0.0] AndroidManifest.xml:14:17-82
117            <meta-data
117-->[com.google.firebase:firebase-common:21.0.0] AndroidManifest.xml:35:13-37:85
118                android:name="com.google.firebase.components:com.google.firebase.FirebaseCommonKtxRegistrar"
118-->[com.google.firebase:firebase-common:21.0.0] AndroidManifest.xml:36:17-109
119                android:value="com.google.firebase.components.ComponentRegistrar" />
119-->[com.google.firebase:firebase-common:21.0.0] AndroidManifest.xml:37:17-82
120            <meta-data
120-->[com.google.firebase:firebase-datatransport:18.2.0] AndroidManifest.xml:25:13-27:85
121                android:name="com.google.firebase.components:com.google.firebase.datatransport.TransportRegistrar"
121-->[com.google.firebase:firebase-datatransport:18.2.0] AndroidManifest.xml:26:17-115
122                android:value="com.google.firebase.components.ComponentRegistrar" />
122-->[com.google.firebase:firebase-datatransport:18.2.0] AndroidManifest.xml:27:17-82
123        </service>
124
125        <activity
125-->[com.google.firebase:firebase-auth:23.0.0] AndroidManifest.xml:29:9-46:20
126            android:name="com.google.firebase.auth.internal.GenericIdpActivity"
126-->[com.google.firebase:firebase-auth:23.0.0] AndroidManifest.xml:30:13-80
127            android:excludeFromRecents="true"
127-->[com.google.firebase:firebase-auth:23.0.0] AndroidManifest.xml:31:13-46
128            android:exported="true"
128-->[com.google.firebase:firebase-auth:23.0.0] AndroidManifest.xml:32:13-36
129            android:launchMode="singleTask"
129-->[com.google.firebase:firebase-auth:23.0.0] AndroidManifest.xml:33:13-44
130            android:theme="@android:style/Theme.Translucent.NoTitleBar" >
130-->[com.google.firebase:firebase-auth:23.0.0] AndroidManifest.xml:34:13-72
131            <intent-filter>
131-->[com.google.firebase:firebase-auth:23.0.0] AndroidManifest.xml:35:13-45:29
132                <action android:name="android.intent.action.VIEW" />
132-->[com.google.firebase:firebase-auth:23.0.0] AndroidManifest.xml:36:17-69
132-->[com.google.firebase:firebase-auth:23.0.0] AndroidManifest.xml:36:25-66
133
134                <category android:name="android.intent.category.DEFAULT" />
134-->[com.google.firebase:firebase-auth:23.0.0] AndroidManifest.xml:38:17-76
134-->[com.google.firebase:firebase-auth:23.0.0] AndroidManifest.xml:38:27-73
135                <category android:name="android.intent.category.BROWSABLE" />
135-->[com.google.firebase:firebase-auth:23.0.0] AndroidManifest.xml:39:17-78
135-->[com.google.firebase:firebase-auth:23.0.0] AndroidManifest.xml:39:27-75
136
137                <data
137-->[com.google.firebase:firebase-auth:23.0.0] AndroidManifest.xml:41:17-44:51
138                    android:host="firebase.auth"
138-->[com.google.firebase:firebase-auth:23.0.0] AndroidManifest.xml:42:21-49
139                    android:path="/"
139-->[com.google.firebase:firebase-auth:23.0.0] AndroidManifest.xml:43:21-37
140                    android:scheme="genericidp" />
140-->[com.google.firebase:firebase-auth:23.0.0] AndroidManifest.xml:44:21-48
141            </intent-filter>
142        </activity>
143        <activity
143-->[com.google.firebase:firebase-auth:23.0.0] AndroidManifest.xml:47:9-64:20
144            android:name="com.google.firebase.auth.internal.RecaptchaActivity"
144-->[com.google.firebase:firebase-auth:23.0.0] AndroidManifest.xml:48:13-79
145            android:excludeFromRecents="true"
145-->[com.google.firebase:firebase-auth:23.0.0] AndroidManifest.xml:49:13-46
146            android:exported="true"
146-->[com.google.firebase:firebase-auth:23.0.0] AndroidManifest.xml:50:13-36
147            android:launchMode="singleTask"
147-->[com.google.firebase:firebase-auth:23.0.0] AndroidManifest.xml:51:13-44
148            android:theme="@android:style/Theme.Translucent.NoTitleBar" >
148-->[com.google.firebase:firebase-auth:23.0.0] AndroidManifest.xml:52:13-72
149            <intent-filter>
149-->[com.google.firebase:firebase-auth:23.0.0] AndroidManifest.xml:53:13-63:29
150                <action android:name="android.intent.action.VIEW" />
150-->[com.google.firebase:firebase-auth:23.0.0] AndroidManifest.xml:36:17-69
150-->[com.google.firebase:firebase-auth:23.0.0] AndroidManifest.xml:36:25-66
151
152                <category android:name="android.intent.category.DEFAULT" />
152-->[com.google.firebase:firebase-auth:23.0.0] AndroidManifest.xml:38:17-76
152-->[com.google.firebase:firebase-auth:23.0.0] AndroidManifest.xml:38:27-73
153                <category android:name="android.intent.category.BROWSABLE" />
153-->[com.google.firebase:firebase-auth:23.0.0] AndroidManifest.xml:39:17-78
153-->[com.google.firebase:firebase-auth:23.0.0] AndroidManifest.xml:39:27-75
154
155                <data
155-->[com.google.firebase:firebase-auth:23.0.0] AndroidManifest.xml:41:17-44:51
156                    android:host="firebase.auth"
156-->[com.google.firebase:firebase-auth:23.0.0] AndroidManifest.xml:42:21-49
157                    android:path="/"
157-->[com.google.firebase:firebase-auth:23.0.0] AndroidManifest.xml:43:21-37
158                    android:scheme="recaptcha" />
158-->[com.google.firebase:firebase-auth:23.0.0] AndroidManifest.xml:44:21-48
159            </intent-filter>
160        </activity>
161
162        <provider
162-->[androidx.emoji2:emoji2:1.2.0] AndroidManifest.xml:24:9-32:20
163            android:name="androidx.startup.InitializationProvider"
163-->[androidx.emoji2:emoji2:1.2.0] AndroidManifest.xml:25:13-67
164            android:authorities="ru.mirea_.rybina_iboldova.project_md.androidx-startup"
164-->[androidx.emoji2:emoji2:1.2.0] AndroidManifest.xml:26:13-68
165            android:exported="false" >
165-->[androidx.emoji2:emoji2:1.2.0] AndroidManifest.xml:27:13-37
166            <meta-data
166-->[androidx.emoji2:emoji2:1.2.0] AndroidManifest.xml:29:13-31:52
167                android:name="androidx.emoji2.text.EmojiCompatInitializer"
167-->[androidx.emoji2:emoji2:1.2.0] AndroidManifest.xml:30:17-75
168                android:value="androidx.startup" />
168-->[androidx.emoji2:emoji2:1.2.0] AndroidManifest.xml:31:17-49
169            <meta-data
169-->[androidx.lifecycle:lifecycle-process:2.6.2] AndroidManifest.xml:29:13-31:52
170                android:name="androidx.lifecycle.ProcessLifecycleInitializer"
170-->[androidx.lifecycle:lifecycle-process:2.6.2] AndroidManifest.xml:30:17-78
171                android:value="androidx.startup" />
171-->[androidx.lifecycle:lifecycle-process:2.6.2] AndroidManifest.xml:31:17-49
172            <meta-data
172-->[androidx.profileinstaller:profileinstaller:1.3.0] AndroidManifest.xml:29:13-31:52
173                android:name="androidx.profileinstaller.ProfileInstallerInitializer"
173-->[androidx.profileinstaller:profileinstaller:1.3.0] AndroidManifest.xml:30:17-85
174                android:value="androidx.startup" />
174-->[androidx.profileinstaller:profileinstaller:1.3.0] AndroidManifest.xml:31:17-49
175        </provider>
176        <provider
176-->[com.google.firebase:firebase-common:21.0.0] AndroidManifest.xml:23:9-28:39
177            android:name="com.google.firebase.provider.FirebaseInitProvider"
177-->[com.google.firebase:firebase-common:21.0.0] AndroidManifest.xml:24:13-77
178            android:authorities="ru.mirea_.rybina_iboldova.project_md.firebaseinitprovider"
178-->[com.google.firebase:firebase-common:21.0.0] AndroidManifest.xml:25:13-72
179            android:directBootAware="true"
179-->[com.google.firebase:firebase-common:21.0.0] AndroidManifest.xml:26:13-43
180            android:exported="false"
180-->[com.google.firebase:firebase-common:21.0.0] AndroidManifest.xml:27:13-37
181            android:initOrder="100" />
181-->[com.google.firebase:firebase-common:21.0.0] AndroidManifest.xml:28:13-36
182
183        <service
183-->[androidx.credentials:credentials-play-services-auth:1.2.0-rc01] AndroidManifest.xml:24:9-32:19
184            android:name="androidx.credentials.playservices.CredentialProviderMetadataHolder"
184-->[androidx.credentials:credentials-play-services-auth:1.2.0-rc01] AndroidManifest.xml:25:13-94
185            android:enabled="true"
185-->[androidx.credentials:credentials-play-services-auth:1.2.0-rc01] AndroidManifest.xml:26:13-35
186            android:exported="false" >
186-->[androidx.credentials:credentials-play-services-auth:1.2.0-rc01] AndroidManifest.xml:27:13-37
187            <meta-data
187-->[androidx.credentials:credentials-play-services-auth:1.2.0-rc01] AndroidManifest.xml:29:13-31:104
188                android:name="androidx.credentials.CREDENTIAL_PROVIDER_KEY"
188-->[androidx.credentials:credentials-play-services-auth:1.2.0-rc01] AndroidManifest.xml:30:17-76
189                android:value="androidx.credentials.playservices.CredentialProviderPlayServicesImpl" />
189-->[androidx.credentials:credentials-play-services-auth:1.2.0-rc01] AndroidManifest.xml:31:17-101
190        </service>
191
192        <activity
192-->[androidx.credentials:credentials-play-services-auth:1.2.0-rc01] AndroidManifest.xml:34:9-41:20
193            android:name="androidx.credentials.playservices.HiddenActivity"
193-->[androidx.credentials:credentials-play-services-auth:1.2.0-rc01] AndroidManifest.xml:35:13-76
194            android:configChanges="orientation|screenSize|screenLayout|keyboardHidden"
194-->[androidx.credentials:credentials-play-services-auth:1.2.0-rc01] AndroidManifest.xml:36:13-87
195            android:enabled="true"
195-->[androidx.credentials:credentials-play-services-auth:1.2.0-rc01] AndroidManifest.xml:37:13-35
196            android:exported="false"
196-->[androidx.credentials:credentials-play-services-auth:1.2.0-rc01] AndroidManifest.xml:38:13-37
197            android:fitsSystemWindows="true"
197-->[androidx.credentials:credentials-play-services-auth:1.2.0-rc01] AndroidManifest.xml:39:13-45
198            android:theme="@style/Theme.Hidden" >
198-->[androidx.credentials:credentials-play-services-auth:1.2.0-rc01] AndroidManifest.xml:40:13-48
199        </activity>
200        <activity
200-->[com.google.android.gms:play-services-auth:20.7.0] AndroidManifest.xml:23:9-27:75
201            android:name="com.google.android.gms.auth.api.signin.internal.SignInHubActivity"
201-->[com.google.android.gms:play-services-auth:20.7.0] AndroidManifest.xml:24:13-93
202            android:excludeFromRecents="true"
202-->[com.google.android.gms:play-services-auth:20.7.0] AndroidManifest.xml:25:13-46
203            android:exported="false"
203-->[com.google.android.gms:play-services-auth:20.7.0] AndroidManifest.xml:26:13-37
204            android:theme="@android:style/Theme.Translucent.NoTitleBar" />
204-->[com.google.android.gms:play-services-auth:20.7.0] AndroidManifest.xml:27:13-72
205        <!--
206            Service handling Google Sign-In user revocation. For apps that do not integrate with
207            Google Sign-In, this service will never be started.
208        -->
209        <service
209-->[com.google.android.gms:play-services-auth:20.7.0] AndroidManifest.xml:33:9-37:51
210            android:name="com.google.android.gms.auth.api.signin.RevocationBoundService"
210-->[com.google.android.gms:play-services-auth:20.7.0] AndroidManifest.xml:34:13-89
211            android:exported="true"
211-->[com.google.android.gms:play-services-auth:20.7.0] AndroidManifest.xml:35:13-36
212            android:permission="com.google.android.gms.auth.api.signin.permission.REVOCATION_NOTIFICATION"
212-->[com.google.android.gms:play-services-auth:20.7.0] AndroidManifest.xml:36:13-107
213            android:visibleToInstantApps="true" />
213-->[com.google.android.gms:play-services-auth:20.7.0] AndroidManifest.xml:37:13-48
214
215        <activity
215-->[com.google.android.gms:play-services-base:18.1.0] AndroidManifest.xml:20:9-22:45
216            android:name="com.google.android.gms.common.api.GoogleApiActivity"
216-->[com.google.android.gms:play-services-base:18.1.0] AndroidManifest.xml:20:19-85
217            android:exported="false"
217-->[com.google.android.gms:play-services-base:18.1.0] AndroidManifest.xml:22:19-43
218            android:theme="@android:style/Theme.Translucent.NoTitleBar" />
218-->[com.google.android.gms:play-services-base:18.1.0] AndroidManifest.xml:21:19-78
219
220        <meta-data
220-->[com.google.android.gms:play-services-basement:18.3.0] AndroidManifest.xml:21:9-23:69
221            android:name="com.google.android.gms.version"
221-->[com.google.android.gms:play-services-basement:18.3.0] AndroidManifest.xml:22:13-58
222            android:value="@integer/google_play_services_version" />
222-->[com.google.android.gms:play-services-basement:18.3.0] AndroidManifest.xml:23:13-66
223
224        <service
224-->[com.google.android.datatransport:transport-backend-cct:3.1.9] AndroidManifest.xml:28:9-34:19
225            android:name="com.google.android.datatransport.runtime.backends.TransportBackendDiscovery"
225-->[com.google.android.datatransport:transport-backend-cct:3.1.9] AndroidManifest.xml:29:13-103
226            android:exported="false" >
226-->[com.google.android.datatransport:transport-backend-cct:3.1.9] AndroidManifest.xml:30:13-37
227            <meta-data
227-->[com.google.android.datatransport:transport-backend-cct:3.1.9] AndroidManifest.xml:31:13-33:39
228                android:name="backend:com.google.android.datatransport.cct.CctBackendFactory"
228-->[com.google.android.datatransport:transport-backend-cct:3.1.9] AndroidManifest.xml:32:17-94
229                android:value="cct" />
229-->[com.google.android.datatransport:transport-backend-cct:3.1.9] AndroidManifest.xml:33:17-36
230        </service>
231        <service
231-->[com.google.android.datatransport:transport-runtime:3.1.9] AndroidManifest.xml:26:9-30:19
232            android:name="com.google.android.datatransport.runtime.scheduling.jobscheduling.JobInfoSchedulerService"
232-->[com.google.android.datatransport:transport-runtime:3.1.9] AndroidManifest.xml:27:13-117
233            android:exported="false"
233-->[com.google.android.datatransport:transport-runtime:3.1.9] AndroidManifest.xml:28:13-37
234            android:permission="android.permission.BIND_JOB_SERVICE" >
234-->[com.google.android.datatransport:transport-runtime:3.1.9] AndroidManifest.xml:29:13-69
235        </service>
236
237        <receiver
237-->[com.google.android.datatransport:transport-runtime:3.1.9] AndroidManifest.xml:32:9-34:40
238            android:name="com.google.android.datatransport.runtime.scheduling.jobscheduling.AlarmManagerSchedulerBroadcastReceiver"
238-->[com.google.android.datatransport:transport-runtime:3.1.9] AndroidManifest.xml:33:13-132
239            android:exported="false" />
239-->[com.google.android.datatransport:transport-runtime:3.1.9] AndroidManifest.xml:34:13-37
240        <receiver
240-->[androidx.profileinstaller:profileinstaller:1.3.0] AndroidManifest.xml:34:9-52:20
241            android:name="androidx.profileinstaller.ProfileInstallReceiver"
241-->[androidx.profileinstaller:profileinstaller:1.3.0] AndroidManifest.xml:35:13-76
242            android:directBootAware="false"
242-->[androidx.profileinstaller:profileinstaller:1.3.0] AndroidManifest.xml:36:13-44
243            android:enabled="true"
243-->[androidx.profileinstaller:profileinstaller:1.3.0] AndroidManifest.xml:37:13-35
244            android:exported="true"
244-->[androidx.profileinstaller:profileinstaller:1.3.0] AndroidManifest.xml:38:13-36
245            android:permission="android.permission.DUMP" >
245-->[androidx.profileinstaller:profileinstaller:1.3.0] AndroidManifest.xml:39:13-57
246            <intent-filter>
246-->[androidx.profileinstaller:profileinstaller:1.3.0] AndroidManifest.xml:40:13-42:29
247                <action android:name="androidx.profileinstaller.action.INSTALL_PROFILE" />
247-->[androidx.profileinstaller:profileinstaller:1.3.0] AndroidManifest.xml:41:17-91
247-->[androidx.profileinstaller:profileinstaller:1.3.0] AndroidManifest.xml:41:25-88
248            </intent-filter>
249            <intent-filter>
249-->[androidx.profileinstaller:profileinstaller:1.3.0] AndroidManifest.xml:43:13-45:29
250                <action android:name="androidx.profileinstaller.action.SKIP_FILE" />
250-->[androidx.profileinstaller:profileinstaller:1.3.0] AndroidManifest.xml:44:17-85
250-->[androidx.profileinstaller:profileinstaller:1.3.0] AndroidManifest.xml:44:25-82
251            </intent-filter>
252            <intent-filter>
252-->[androidx.profileinstaller:profileinstaller:1.3.0] AndroidManifest.xml:46:13-48:29
253                <action android:name="androidx.profileinstaller.action.SAVE_PROFILE" />
253-->[androidx.profileinstaller:profileinstaller:1.3.0] AndroidManifest.xml:47:17-88
253-->[androidx.profileinstaller:profileinstaller:1.3.0] AndroidManifest.xml:47:25-85
254            </intent-filter>
255            <intent-filter>
255-->[androidx.profileinstaller:profileinstaller:1.3.0] AndroidManifest.xml:49:13-51:29
256                <action android:name="androidx.profileinstaller.action.BENCHMARK_OPERATION" />
256-->[androidx.profileinstaller:profileinstaller:1.3.0] AndroidManifest.xml:50:17-95
256-->[androidx.profileinstaller:profileinstaller:1.3.0] AndroidManifest.xml:50:25-92
257            </intent-filter>
258        </receiver>
259    </application>
260
261</manifest>